{"C:/Learning/shooting-academy/src/App.tsx": {"path":"C:/Learning/shooting-academy/src/App.tsx","statementMap":{},"fnMap":{"0":{"name":"App","decl":{"start":{"line":3,"column":9},"end":{"line":3,"column":null}},"loc":{"start":{"line":3,"column":9},"end":{"line":9,"column":null}}}},"branchMap":{},"s":{},"f":{"0":1},"b":{}}
,"C:/Learning/shooting-academy/src/components/Button/Button.tsx": {"path":"C:/Learning/shooting-academy/src/components/Button/Button.tsx","statementMap":{"0":{"start":{"line":11,"column":22},"end":{"line":41,"column":2}},"1":{"start":{"line":18,"column":23},"end":{"line":34,"column":null}},"2":{"start":{"line":19,"column":25},"end":{"line":19,"column":null}},"3":{"start":{"line":21,"column":4},"end":{"line":23,"column":null}},"4":{"start":{"line":22,"column":6},"end":{"line":22,"column":null}},"5":{"start":{"line":25,"column":4},"end":{"line":27,"column":null}},"6":{"start":{"line":26,"column":6},"end":{"line":26,"column":null}},"7":{"start":{"line":29,"column":4},"end":{"line":31,"column":null}},"8":{"start":{"line":30,"column":6},"end":{"line":30,"column":null}},"9":{"start":{"line":33,"column":4},"end":{"line":33,"column":null}}},"fnMap":{"0":{"name":"(anonymous_0)","decl":{"start":{"line":11,"column":22},"end":{"line":11,"column":23}},"loc":{"start":{"line":17,"column":14},"end":{"line":41,"column":2}}},"1":{"name":"(anonymous_1)","decl":{"start":{"line":18,"column":23},"end":{"line":18,"column":null}},"loc":{"start":{"line":18,"column":23},"end":{"line":34,"column":null}}}},"branchMap":{"0":{"loc":{"start":{"line":21,"column":4},"end":{"line":23,"column":null}},"type":"if","locations":[{"start":{"line":21,"column":4},"end":{"line":23,"column":null}},{"start":{},"end":{}}]},"1":{"loc":{"start":{"line":25,"column":4},"end":{"line":27,"column":null}},"type":"if","locations":[{"start":{"line":25,"column":4},"end":{"line":27,"column":null}},{"start":{},"end":{}}]},"2":{"loc":{"start":{"line":29,"column":4},"end":{"line":31,"column":null}},"type":"if","locations":[{"start":{"line":29,"column":4},"end":{"line":31,"column":null}},{"start":{},"end":{}}]}},"s":{"0":1,"1":2,"2":2,"3":2,"4":2,"5":2,"6":2,"7":2,"8":2,"9":2},"f":{"0":2,"1":2},"b":{"0":[2,0],"1":[2,0],"2":[2,0]}}
,"C:/Learning/shooting-academy/src/components/Grid/Column.tsx": {"path":"C:/Learning/shooting-academy/src/components/Grid/Column.tsx","statementMap":{"0":{"start":{"line":11,"column":22},"end":{"line":23,"column":2}},"1":{"start":{"line":12,"column":23},"end":{"line":12,"column":null}},"2":{"start":{"line":14,"column":26},"end":{"line":20,"column":null}},"3":{"start":{"line":15,"column":4},"end":{"line":17,"column":null}},"4":{"start":{"line":16,"column":6},"end":{"line":16,"column":null}},"5":{"start":{"line":19,"column":4},"end":{"line":19,"column":null}}},"fnMap":{"0":{"name":"(anonymous_0)","decl":{"start":{"line":11,"column":22},"end":{"line":11,"column":23}},"loc":{"start":{"line":11,"column":65},"end":{"line":23,"column":2}}},"1":{"name":"(anonymous_1)","decl":{"start":{"line":14,"column":26},"end":{"line":14,"column":null}},"loc":{"start":{"line":14,"column":26},"end":{"line":20,"column":null}}}},"branchMap":{"0":{"loc":{"start":{"line":15,"column":4},"end":{"line":17,"column":null}},"type":"if","locations":[{"start":{"line":15,"column":4},"end":{"line":17,"column":null}},{"start":{},"end":{}}]}},"s":{"0":1,"1":7,"2":7,"3":7,"4":0,"5":7},"f":{"0":7,"1":7},"b":{"0":[0,7]}}
,"C:/Learning/shooting-academy/src/components/Grid/Row.tsx": {"path":"C:/Learning/shooting-academy/src/components/Grid/Row.tsx","statementMap":{"0":{"start":{"line":5,"column":19},"end":{"line":7,"column":2}}},"fnMap":{"0":{"name":"(anonymous_0)","decl":{"start":{"line":5,"column":19},"end":{"line":5,"column":20}},"loc":{"start":{"line":5,"column":42},"end":{"line":7,"column":2}}}},"branchMap":{},"s":{"0":1},"f":{"0":2},"b":{}}
,"C:/Learning/shooting-academy/src/components/HeadingPrimary/HeadingPrimary.tsx": {"path":"C:/Learning/shooting-academy/src/components/HeadingPrimary/HeadingPrimary.tsx","statementMap":{"0":{"start":{"line":5,"column":30},"end":{"line":7,"column":2}}},"fnMap":{"0":{"name":"(anonymous_0)","decl":{"start":{"line":5,"column":30},"end":{"line":5,"column":31}},"loc":{"start":{"line":5,"column":71},"end":{"line":7,"column":2}}}},"branchMap":{},"s":{"0":1},"f":{"0":1},"b":{}}
,"C:/Learning/shooting-academy/src/components/HeadingSecondary/HeadingSecondary.tsx": {"path":"C:/Learning/shooting-academy/src/components/HeadingSecondary/HeadingSecondary.tsx","statementMap":{"0":{"start":{"line":5,"column":32},"end":{"line":7,"column":2}}},"fnMap":{"0":{"name":"(anonymous_0)","decl":{"start":{"line":5,"column":32},"end":{"line":5,"column":33}},"loc":{"start":{"line":5,"column":68},"end":{"line":7,"column":2}}}},"branchMap":{},"s":{"0":1},"f":{"0":2},"b":{}}
,"C:/Learning/shooting-academy/src/components/HeadingTertiary/HeadingTertiary.tsx": {"path":"C:/Learning/shooting-academy/src/components/HeadingTertiary/HeadingTertiary.tsx","statementMap":{"0":{"start":{"line":5,"column":31},"end":{"line":7,"column":2}}},"fnMap":{"0":{"name":"(anonymous_0)","decl":{"start":{"line":5,"column":31},"end":{"line":5,"column":32}},"loc":{"start":{"line":5,"column":66},"end":{"line":7,"column":2}}}},"branchMap":{},"s":{"0":1},"f":{"0":4},"b":{}}
,"C:/Learning/shooting-academy/src/components/OfferCard/OfferCard.tsx": {"path":"C:/Learning/shooting-academy/src/components/OfferCard/OfferCard.tsx","statementMap":{"0":{"start":{"line":5,"column":25},"end":{"line":7,"column":2}}},"fnMap":{"0":{"name":"(anonymous_0)","decl":{"start":{"line":5,"column":25},"end":{"line":5,"column":26}},"loc":{"start":{"line":5,"column":54},"end":{"line":7,"column":2}}}},"branchMap":{},"s":{"0":1},"f":{"0":4},"b":{}}
,"C:/Learning/shooting-academy/src/components/OfferCard/OfferCardIcon/OfferCardIcon.tsx": {"path":"C:/Learning/shooting-academy/src/components/OfferCard/OfferCardIcon/OfferCardIcon.tsx","statementMap":{"0":{"start":{"line":15,"column":29},"end":{"line":33,"column":2}},"1":{"start":{"line":16,"column":21},"end":{"line":16,"column":null}},"2":{"start":{"line":18,"column":24},"end":{"line":30,"column":null}},"3":{"start":{"line":19,"column":4},"end":{"line":19,"column":null}},"4":{"start":{"line":21,"column":4},"end":{"line":23,"column":null}},"5":{"start":{"line":22,"column":6},"end":{"line":22,"column":null}},"6":{"start":{"line":25,"column":4},"end":{"line":27,"column":null}},"7":{"start":{"line":26,"column":6},"end":{"line":26,"column":null}},"8":{"start":{"line":29,"column":4},"end":{"line":29,"column":null}}},"fnMap":{"0":{"name":"(anonymous_0)","decl":{"start":{"line":15,"column":29},"end":{"line":15,"column":30}},"loc":{"start":{"line":15,"column":75},"end":{"line":33,"column":2}}},"1":{"name":"(anonymous_1)","decl":{"start":{"line":18,"column":24},"end":{"line":18,"column":null}},"loc":{"start":{"line":18,"column":24},"end":{"line":30,"column":null}}}},"branchMap":{"0":{"loc":{"start":{"line":21,"column":4},"end":{"line":23,"column":null}},"type":"if","locations":[{"start":{"line":21,"column":4},"end":{"line":23,"column":null}},{"start":{},"end":{}}]},"1":{"loc":{"start":{"line":25,"column":4},"end":{"line":27,"column":null}},"type":"if","locations":[{"start":{"line":25,"column":4},"end":{"line":27,"column":null}},{"start":{},"end":{}}]}},"s":{"0":1,"1":4,"2":4,"3":4,"4":4,"5":4,"6":4,"7":0,"8":4},"f":{"0":4,"1":4},"b":{"0":[4,0],"1":[0,4]}}
,"C:/Learning/shooting-academy/src/components/OfferCard/OfferCardText/OfferCardText.tsx": {"path":"C:/Learning/shooting-academy/src/components/OfferCard/OfferCardText/OfferCardText.tsx","statementMap":{"0":{"start":{"line":5,"column":29},"end":{"line":7,"column":2}}},"fnMap":{"0":{"name":"(anonymous_0)","decl":{"start":{"line":5,"column":29},"end":{"line":5,"column":30}},"loc":{"start":{"line":5,"column":62},"end":{"line":7,"column":2}}}},"branchMap":{},"s":{"0":1},"f":{"0":4},"b":{}}
,"C:/Learning/shooting-academy/src/components/OfferCard/OfferCardTitle/OfferCardTitle.tsx": {"path":"C:/Learning/shooting-academy/src/components/OfferCard/OfferCardTitle/OfferCardTitle.tsx","statementMap":{"0":{"start":{"line":7,"column":30},"end":{"line":13,"column":2}}},"fnMap":{"0":{"name":"(anonymous_0)","decl":{"start":{"line":7,"column":30},"end":{"line":7,"column":31}},"loc":{"start":{"line":7,"column":64},"end":{"line":13,"column":2}}}},"branchMap":{},"s":{"0":1},"f":{"0":4},"b":{}}
,"C:/Learning/shooting-academy/src/components/Paragraph/Paragraph.tsx": {"path":"C:/Learning/shooting-academy/src/components/Paragraph/Paragraph.tsx","statementMap":{"0":{"start":{"line":5,"column":25},"end":{"line":7,"column":2}}},"fnMap":{"0":{"name":"(anonymous_0)","decl":{"start":{"line":5,"column":25},"end":{"line":5,"column":26}},"loc":{"start":{"line":5,"column":54},"end":{"line":7,"column":2}}}},"branchMap":{},"s":{"0":1},"f":{"0":2},"b":{}}
,"C:/Learning/shooting-academy/src/contexts/NavigationCheckboxContext/NavigationCheckboxContext.tsx": {"path":"C:/Learning/shooting-academy/src/contexts/NavigationCheckboxContext/NavigationCheckboxContext.tsx","statementMap":{"0":{"start":{"line":8,"column":41},"end":{"line":8,"column":94}},"1":{"start":{"line":10,"column":49},"end":{"line":23,"column":2}},"2":{"start":{"line":11,"column":36},"end":{"line":11,"column":null}}},"fnMap":{"0":{"name":"(anonymous_0)","decl":{"start":{"line":10,"column":49},"end":{"line":10,"column":50}},"loc":{"start":{"line":10,"column":93},"end":{"line":23,"column":2}}}},"branchMap":{},"s":{"0":1,"1":1,"2":1},"f":{"0":1},"b":{}}
,"C:/Learning/shooting-academy/src/contexts/NavigationCheckboxContext/hooks/useNavigationCheckbox.ts": {"path":"C:/Learning/shooting-academy/src/contexts/NavigationCheckboxContext/hooks/useNavigationCheckbox.ts","statementMap":{"0":{"start":{"line":4,"column":37},"end":{"line":12,"column":2}},"1":{"start":{"line":5,"column":18},"end":{"line":5,"column":null}},"2":{"start":{"line":7,"column":2},"end":{"line":9,"column":null}},"3":{"start":{"line":8,"column":4},"end":{"line":8,"column":null}},"4":{"start":{"line":11,"column":2},"end":{"line":11,"column":null}}},"fnMap":{"0":{"name":"(anonymous_0)","decl":{"start":{"line":4,"column":37},"end":{"line":4,"column":null}},"loc":{"start":{"line":4,"column":37},"end":{"line":12,"column":2}}}},"branchMap":{"0":{"loc":{"start":{"line":7,"column":2},"end":{"line":9,"column":null}},"type":"if","locations":[{"start":{"line":7,"column":2},"end":{"line":9,"column":null}},{"start":{},"end":{}}]}},"s":{"0":1,"1":7,"2":7,"3":0,"4":7},"f":{"0":7},"b":{"0":[0,7]}}
,"C:/Learning/shooting-academy/src/layout/RootLayout/RootLayout.tsx": {"path":"C:/Learning/shooting-academy/src/layout/RootLayout/RootLayout.tsx","statementMap":{"0":{"start":{"line":5,"column":26},"end":{"line":13,"column":2}}},"fnMap":{"0":{"name":"(anonymous_0)","decl":{"start":{"line":5,"column":26},"end":{"line":5,"column":null}},"loc":{"start":{"line":5,"column":26},"end":{"line":13,"column":2}}}},"branchMap":{},"s":{"0":1},"f":{"0":1},"b":{}}
,"C:/Learning/shooting-academy/src/layout/RootLayout/Header/Header.tsx": {"path":"C:/Learning/shooting-academy/src/layout/RootLayout/Header/Header.tsx","statementMap":{"0":{"start":{"line":5,"column":22},"end":{"line":22,"column":2}}},"fnMap":{"0":{"name":"(anonymous_0)","decl":{"start":{"line":5,"column":22},"end":{"line":5,"column":null}},"loc":{"start":{"line":5,"column":22},"end":{"line":22,"column":2}}}},"branchMap":{},"s":{"0":1},"f":{"0":1},"b":{}}
,"C:/Learning/shooting-academy/src/layout/RootLayout/Header/Heading/Heading.tsx": {"path":"C:/Learning/shooting-academy/src/layout/RootLayout/Header/Heading/Heading.tsx","statementMap":{"0":{"start":{"line":1,"column":23},"end":{"line":10,"column":2}}},"fnMap":{"0":{"name":"(anonymous_0)","decl":{"start":{"line":1,"column":23},"end":{"line":1,"column":null}},"loc":{"start":{"line":1,"column":23},"end":{"line":10,"column":2}}}},"branchMap":{},"s":{"0":1},"f":{"0":1},"b":{}}
,"C:/Learning/shooting-academy/src/layout/RootLayout/Header/Logo/Logo.tsx": {"path":"C:/Learning/shooting-academy/src/layout/RootLayout/Header/Logo/Logo.tsx","statementMap":{"0":{"start":{"line":4,"column":20},"end":{"line":12,"column":2}},"1":{"start":{"line":5,"column":17},"end":{"line":5,"column":null}},"2":{"start":{"line":9,"column":73},"end":{"line":9,"column":null}}},"fnMap":{"0":{"name":"(anonymous_0)","decl":{"start":{"line":4,"column":20},"end":{"line":4,"column":null}},"loc":{"start":{"line":4,"column":20},"end":{"line":12,"column":2}}},"1":{"name":"(anonymous_1)","decl":{"start":{"line":9,"column":67},"end":{"line":9,"column":73}},"loc":{"start":{"line":9,"column":73},"end":{"line":9,"column":null}}}},"branchMap":{},"s":{"0":1,"1":1,"2":0},"f":{"0":1,"1":0},"b":{}}
,"C:/Learning/shooting-academy/src/layout/RootLayout/Main/Main.tsx": {"path":"C:/Learning/shooting-academy/src/layout/RootLayout/Main/Main.tsx","statementMap":{"0":{"start":{"line":3,"column":20},"end":{"line":9,"column":2}}},"fnMap":{"0":{"name":"(anonymous_0)","decl":{"start":{"line":3,"column":20},"end":{"line":3,"column":null}},"loc":{"start":{"line":3,"column":20},"end":{"line":9,"column":2}}}},"branchMap":{},"s":{"0":1},"f":{"0":1},"b":{}}
,"C:/Learning/shooting-academy/src/layout/RootLayout/Navigation/Navigation.tsx": {"path":"C:/Learning/shooting-academy/src/layout/RootLayout/Navigation/Navigation.tsx","statementMap":{"0":{"start":{"line":5,"column":26},"end":{"line":15,"column":2}}},"fnMap":{"0":{"name":"(anonymous_0)","decl":{"start":{"line":5,"column":26},"end":{"line":5,"column":null}},"loc":{"start":{"line":5,"column":26},"end":{"line":15,"column":2}}}},"branchMap":{},"s":{"0":1},"f":{"0":1},"b":{}}
,"C:/Learning/shooting-academy/src/layout/RootLayout/Navigation/NavigationButton/NavigationButton.tsx": {"path":"C:/Learning/shooting-academy/src/layout/RootLayout/Navigation/NavigationButton/NavigationButton.tsx","statementMap":{"0":{"start":{"line":3,"column":32},"end":{"line":20,"column":2}},"1":{"start":{"line":4,"column":38},"end":{"line":4,"column":null}},"2":{"start":{"line":13,"column":24},"end":{"line":13,"column":null}}},"fnMap":{"0":{"name":"(anonymous_0)","decl":{"start":{"line":3,"column":32},"end":{"line":3,"column":null}},"loc":{"start":{"line":3,"column":32},"end":{"line":20,"column":2}}},"1":{"name":"(anonymous_1)","decl":{"start":{"line":13,"column":18},"end":{"line":13,"column":24}},"loc":{"start":{"line":13,"column":24},"end":{"line":13,"column":null}}}},"branchMap":{},"s":{"0":1,"1":1,"2":0},"f":{"0":1,"1":0},"b":{}}
,"C:/Learning/shooting-academy/src/layout/RootLayout/Navigation/NavigationList/NavigationList.tsx": {"path":"C:/Learning/shooting-academy/src/layout/RootLayout/Navigation/NavigationList/NavigationList.tsx","statementMap":{"0":{"start":{"line":3,"column":30},"end":{"line":14,"column":2}}},"fnMap":{"0":{"name":"(anonymous_0)","decl":{"start":{"line":3,"column":30},"end":{"line":3,"column":null}},"loc":{"start":{"line":3,"column":30},"end":{"line":14,"column":2}}}},"branchMap":{},"s":{"0":1},"f":{"0":1},"b":{}}
,"C:/Learning/shooting-academy/src/layout/RootLayout/Navigation/NavigationList/NavigationItem/NavigationItem.tsx": {"path":"C:/Learning/shooting-academy/src/layout/RootLayout/Navigation/NavigationList/NavigationItem/NavigationItem.tsx","statementMap":{"0":{"start":{"line":9,"column":30},"end":{"line":31,"column":2}},"1":{"start":{"line":10,"column":17},"end":{"line":10,"column":null}},"2":{"start":{"line":11,"column":38},"end":{"line":11,"column":null}},"3":{"start":{"line":19,"column":10},"end":{"line":24,"column":null}},"4":{"start":{"line":20,"column":12},"end":{"line":20,"column":null}},"5":{"start":{"line":21,"column":12},"end":{"line":21,"column":null}},"6":{"start":{"line":22,"column":12},"end":{"line":22,"column":null}},"7":{"start":{"line":23,"column":12},"end":{"line":23,"column":null}}},"fnMap":{"0":{"name":"(anonymous_0)","decl":{"start":{"line":9,"column":30},"end":{"line":9,"column":31}},"loc":{"start":{"line":9,"column":68},"end":{"line":31,"column":2}}},"1":{"name":"(anonymous_1)","decl":{"start":{"line":18,"column":17},"end":{"line":18,"column":18}},"loc":{"start":{"line":18,"column":18},"end":{"line":25,"column":null}}}},"branchMap":{"0":{"loc":{"start":{"line":19,"column":10},"end":{"line":24,"column":null}},"type":"if","locations":[{"start":{"line":19,"column":10},"end":{"line":24,"column":null}},{"start":{},"end":{}}]}},"s":{"0":1,"1":6,"2":6,"3":0,"4":0,"5":0,"6":0,"7":0},"f":{"0":6,"1":0},"b":{"0":[0,0]}}
,"C:/Learning/shooting-academy/src/pages/Home/HomePage.tsx": {"path":"C:/Learning/shooting-academy/src/pages/Home/HomePage.tsx","statementMap":{"0":{"start":{"line":4,"column":24},"end":{"line":16,"column":2}}},"fnMap":{"0":{"name":"(anonymous_0)","decl":{"start":{"line":4,"column":24},"end":{"line":4,"column":null}},"loc":{"start":{"line":4,"column":24},"end":{"line":16,"column":2}}}},"branchMap":{},"s":{"0":1},"f":{"0":1},"b":{}}
,"C:/Learning/shooting-academy/src/pages/Home/CoursesSection/CoursesSection.tsx": {"path":"C:/Learning/shooting-academy/src/pages/Home/CoursesSection/CoursesSection.tsx","statementMap":{"0":{"start":{"line":6,"column":30},"end":{"line":26,"column":2}}},"fnMap":{"0":{"name":"(anonymous_0)","decl":{"start":{"line":6,"column":30},"end":{"line":6,"column":null}},"loc":{"start":{"line":6,"column":30},"end":{"line":26,"column":2}}}},"branchMap":{},"s":{"0":1},"f":{"0":1},"b":{}}
,"C:/Learning/shooting-academy/src/pages/Home/CoursesSection/Composition/Composition.tsx": {"path":"C:/Learning/shooting-academy/src/pages/Home/CoursesSection/Composition/Composition.tsx","statementMap":{"0":{"start":{"line":5,"column":27},"end":{"line":25,"column":2}}},"fnMap":{"0":{"name":"(anonymous_0)","decl":{"start":{"line":5,"column":27},"end":{"line":5,"column":null}},"loc":{"start":{"line":5,"column":27},"end":{"line":25,"column":2}}}},"branchMap":{},"s":{"0":1},"f":{"0":1},"b":{}}
,"C:/Learning/shooting-academy/src/pages/Home/CoursesSection/Information/Information.tsx": {"path":"C:/Learning/shooting-academy/src/pages/Home/CoursesSection/Information/Information.tsx","statementMap":{"0":{"start":{"line":4,"column":27},"end":{"line":34,"column":2}}},"fnMap":{"0":{"name":"(anonymous_0)","decl":{"start":{"line":4,"column":27},"end":{"line":4,"column":null}},"loc":{"start":{"line":4,"column":27},"end":{"line":34,"column":2}}}},"branchMap":{},"s":{"0":1},"f":{"0":1},"b":{}}
,"C:/Learning/shooting-academy/src/pages/Home/OffersSection/OffersSection.tsx": {"path":"C:/Learning/shooting-academy/src/pages/Home/OffersSection/OffersSection.tsx","statementMap":{"0":{"start":{"line":3,"column":29},"end":{"line":11,"column":2}}},"fnMap":{"0":{"name":"(anonymous_0)","decl":{"start":{"line":3,"column":29},"end":{"line":3,"column":null}},"loc":{"start":{"line":3,"column":29},"end":{"line":11,"column":2}}}},"branchMap":{},"s":{"0":1},"f":{"0":1},"b":{}}
,"C:/Learning/shooting-academy/src/pages/Home/OffersSection/HomeOfferCards/HomeOfferCards.tsx": {"path":"C:/Learning/shooting-academy/src/pages/Home/OffersSection/HomeOfferCards/HomeOfferCards.tsx","statementMap":{"0":{"start":{"line":9,"column":30},"end":{"line":58,"column":2}}},"fnMap":{"0":{"name":"(anonymous_0)","decl":{"start":{"line":9,"column":30},"end":{"line":9,"column":null}},"loc":{"start":{"line":9,"column":30},"end":{"line":58,"column":2}}}},"branchMap":{},"s":{"0":1},"f":{"0":1},"b":{}}
,"C:/Learning/shooting-academy/src/pages/News/NewsPage.tsx": {"path":"C:/Learning/shooting-academy/src/pages/News/NewsPage.tsx","statementMap":{"0":{"start":{"line":1,"column":24},"end":{"line":3,"column":2}}},"fnMap":{"0":{"name":"(anonymous_0)","decl":{"start":{"line":1,"column":24},"end":{"line":1,"column":null}},"loc":{"start":{"line":1,"column":24},"end":{"line":3,"column":2}}}},"branchMap":{},"s":{"0":1},"f":{"0":0},"b":{}}
,"C:/Learning/shooting-academy/src/pages/NotFound/NotFoundPage.tsx": {"path":"C:/Learning/shooting-academy/src/pages/NotFound/NotFoundPage.tsx","statementMap":{"0":{"start":{"line":1,"column":28},"end":{"line":3,"column":2}}},"fnMap":{"0":{"name":"(anonymous_0)","decl":{"start":{"line":1,"column":28},"end":{"line":1,"column":null}},"loc":{"start":{"line":1,"column":28},"end":{"line":3,"column":2}}}},"branchMap":{},"s":{"0":1},"f":{"0":0},"b":{}}
,"C:/Learning/shooting-academy/src/routes/RouteProvider.tsx": {"path":"C:/Learning/shooting-academy/src/routes/RouteProvider.tsx","statementMap":{"0":{"start":{"line":22,"column":30},"end":{"line":24,"column":2}}},"fnMap":{"0":{"name":"(anonymous_0)","decl":{"start":{"line":22,"column":30},"end":{"line":22,"column":null}},"loc":{"start":{"line":22,"column":30},"end":{"line":24,"column":2}}}},"branchMap":{},"s":{"0":1},"f":{"0":1},"b":{}}
,"C:/Learning/shooting-academy/src/routes/hooks/useRouter.ts": {"path":"C:/Learning/shooting-academy/src/routes/hooks/useRouter.ts","statementMap":{"0":{"start":{"line":4,"column":25},"end":{"line":19,"column":2}},"1":{"start":{"line":5,"column":19},"end":{"line":5,"column":null}},"2":{"start":{"line":7,"column":17},"end":{"line":15,"column":null}},"3":{"start":{"line":8,"column":11},"end":{"line":14,"column":null}},"4":{"start":{"line":9,"column":18},"end":{"line":9,"column":null}},"5":{"start":{"line":10,"column":21},"end":{"line":10,"column":null}},"6":{"start":{"line":11,"column":20},"end":{"line":11,"column":null}},"7":{"start":{"line":12,"column":30},"end":{"line":12,"column":null}},"8":{"start":{"line":13,"column":33},"end":{"line":13,"column":null}},"9":{"start":{"line":18,"column":2},"end":{"line":18,"column":null}}},"fnMap":{"0":{"name":"(anonymous_0)","decl":{"start":{"line":4,"column":25},"end":{"line":4,"column":null}},"loc":{"start":{"line":4,"column":25},"end":{"line":19,"column":2}}},"1":{"name":"(anonymous_1)","decl":{"start":{"line":8,"column":4},"end":{"line":8,"column":11}},"loc":{"start":{"line":8,"column":11},"end":{"line":14,"column":null}}},"2":{"name":"(anonymous_2)","decl":{"start":{"line":9,"column":12},"end":{"line":9,"column":18}},"loc":{"start":{"line":9,"column":18},"end":{"line":9,"column":null}}},"3":{"name":"(anonymous_3)","decl":{"start":{"line":10,"column":15},"end":{"line":10,"column":21}},"loc":{"start":{"line":10,"column":21},"end":{"line":10,"column":null}}},"4":{"name":"(anonymous_4)","decl":{"start":{"line":11,"column":14},"end":{"line":11,"column":20}},"loc":{"start":{"line":11,"column":20},"end":{"line":11,"column":null}}},"5":{"name":"(anonymous_5)","decl":{"start":{"line":12,"column":12},"end":{"line":12,"column":13}},"loc":{"start":{"line":12,"column":30},"end":{"line":12,"column":null}}},"6":{"name":"(anonymous_6)","decl":{"start":{"line":13,"column":15},"end":{"line":13,"column":16}},"loc":{"start":{"line":13,"column":33},"end":{"line":13,"column":null}}}},"branchMap":{},"s":{"0":1,"1":7,"2":7,"3":7,"4":0,"5":0,"6":0,"7":0,"8":0,"9":7},"f":{"0":7,"1":7,"2":0,"3":0,"4":0,"5":0,"6":0},"b":{}}
}
